<?xml version="1.0" encoding="UTF-8"?>
<testsuite xmlns:xsi="http://www.w3.org/2001/XMLSchema-instance" xsi:noNamespaceSchemaLocation="https://maven.apache.org/surefire/maven-surefire-plugin/xsd/surefire-test-report-3.0.xsd" version="3.0" name="testUnitariosParametrizados.TestParametrizadosServicioCalculadora" time="0.139" tests="4" errors="0" skipped="0" failures="0">
  <properties>
[...]
</properties>
  <testcase name="testVariasOperaciones(double, double, String, Double)[1]" classname="testUnitariosParametrizados.TestParametrizadosServicioCalculadora" time="0.04"/>
  <testcase name="testVariasOperaciones(double, double, String, Double)[2]" classname="testUnitariosParametrizados.TestParametrizadosServicioCalculadora" time="0.003"/>
  <testcase name="testVariasOperaciones(double, double, String, Double)[3]" classname="testUnitariosParametrizados.TestParametrizadosServicioCalculadora" time="0.002"/>
  <testcase name="testVariasOperaciones(double, double, String, Double)[4]" classname="testUnitariosParametrizados.TestParametrizadosServicioCalculadora" time="0.002"/>
</testsuite>